{"/home/csbrandt/projects/WGS84Util/index.js":{"path":"/home/csbrandt/projects/WGS84Util/index.js","s":{"1":1,"2":1,"3":1,"4":1,"5":1,"6":1,"7":5,"8":5,"9":5,"10":5,"11":5,"12":25,"13":25,"14":25,"15":25,"16":0,"17":25,"18":25,"19":25,"20":25,"21":25,"22":25,"23":0,"24":25,"25":25,"26":25,"27":5,"28":0,"29":5,"30":5,"31":5,"32":5,"33":5,"34":5,"35":5,"36":5,"37":5,"38":3,"39":2,"40":1,"41":2,"42":2,"43":1,"44":2,"45":2,"46":2,"47":2,"48":2,"49":2,"50":2,"51":2,"52":2,"53":2,"54":2,"55":2,"56":2,"57":2,"58":9,"59":9,"60":9,"61":9,"62":9,"63":9,"64":2,"65":0,"66":2,"67":2,"68":2,"69":2,"70":2,"71":2,"72":2,"73":2,"74":1,"75":39,"76":1,"77":21,"78":1,"79":4,"80":4,"81":4,"82":4,"83":4,"84":4,"85":4,"86":4,"87":4,"88":4,"89":4,"90":4,"91":4,"92":0,"93":4,"94":0,"95":4,"96":0,"97":0,"98":0,"99":0,"100":0,"101":0,"102":0,"103":0,"104":4,"105":4,"106":4,"107":4,"108":4,"109":4,"110":4,"111":4,"112":4,"113":4,"114":4,"115":2,"116":2,"117":4,"118":1,"119":2,"120":2,"121":2,"122":2,"123":2,"124":0,"125":2,"126":2,"127":2,"128":2,"129":2,"130":2,"131":2,"132":2,"133":2,"134":1,"135":2,"136":2,"137":2,"138":2,"139":2,"140":2,"141":2,"142":2,"143":2,"144":2,"145":2,"146":2,"147":2,"148":2,"149":2,"150":2,"151":0,"152":0,"153":2,"154":2,"155":2},"b":{"1":[0,25],"2":[0,25],"3":[25,20],"4":[0,5],"5":[3,2],"6":[9,7],"7":[0,2],"8":[0,4],"9":[0,4],"10":[4,0,0,0],"11":[0,4],"12":[4,0],"13":[0,0],"14":[0,0],"15":[0,0],"16":[0,0],"17":[0,0],"18":[0,0],"19":[0,0],"20":[0,0],"21":[2,2],"22":[0,2],"23":[2,2],"24":[1,1],"25":[0,2]},"f":{"1":5,"2":2,"3":2,"4":39,"5":21,"6":4,"7":2},"fnMap":{"1":{"name":"(anonymous_1)","line":31,"loc":{"start":{"line":31,"column":28},"end":{"line":31,"column":63}}},"2":{"name":"(anonymous_2)","line":107,"loc":{"start":{"line":107,"column":28},"end":{"line":107,"column":53}}},"3":{"name":"(anonymous_3)","line":128,"loc":{"start":{"line":128,"column":24},"end":{"line":128,"column":59}}},"4":{"name":"(anonymous_4)","line":189,"loc":{"start":{"line":189,"column":21},"end":{"line":189,"column":35}}},"5":{"name":"(anonymous_5)","line":199,"loc":{"start":{"line":199,"column":21},"end":{"line":199,"column":35}}},"6":{"name":"(anonymous_6)","line":213,"loc":{"start":{"line":213,"column":20},"end":{"line":213,"column":33}}},"7":{"name":"(anonymous_7)","line":302,"loc":{"start":{"line":302,"column":20},"end":{"line":302,"column":34}}}},"statementMap":{"1":{"start":{"line":8,"column":0},"end":{"line":8,"column":24}},"2":{"start":{"line":11,"column":0},"end":{"line":11,"column":32}},"3":{"start":{"line":13,"column":0},"end":{"line":13,"column":37}},"4":{"start":{"line":15,"column":0},"end":{"line":15,"column":39}},"5":{"start":{"line":17,"column":0},"end":{"line":17,"column":39}},"6":{"start":{"line":31,"column":0},"end":{"line":96,"column":2}},"7":{"start":{"line":32,"column":3},"end":{"line":32,"column":87}},"8":{"start":{"line":34,"column":3},"end":{"line":36,"column":28}},"9":{"start":{"line":37,"column":3},"end":{"line":39,"column":28}},"10":{"start":{"line":41,"column":3},"end":{"line":42,"column":40}},"11":{"start":{"line":44,"column":3},"end":{"line":68,"column":76}},"12":{"start":{"line":45,"column":6},"end":{"line":46,"column":38}},"13":{"start":{"line":47,"column":6},"end":{"line":47,"column":157}},"14":{"start":{"line":48,"column":6},"end":{"line":48,"column":43}},"15":{"start":{"line":50,"column":6},"end":{"line":52,"column":7}},"16":{"start":{"line":51,"column":9},"end":{"line":51,"column":18}},"17":{"start":{"line":54,"column":6},"end":{"line":54,"column":63}},"18":{"start":{"line":55,"column":6},"end":{"line":55,"column":49}},"19":{"start":{"line":56,"column":6},"end":{"line":56,"column":58}},"20":{"start":{"line":57,"column":6},"end":{"line":57,"column":47}},"21":{"start":{"line":58,"column":6},"end":{"line":58,"column":65}},"22":{"start":{"line":60,"column":6},"end":{"line":62,"column":7}},"23":{"start":{"line":61,"column":9},"end":{"line":61,"column":24}},"24":{"start":{"line":64,"column":6},"end":{"line":64,"column":85}},"25":{"start":{"line":65,"column":6},"end":{"line":65,"column":27}},"26":{"start":{"line":66,"column":6},"end":{"line":66,"column":143}},"27":{"start":{"line":70,"column":3},"end":{"line":72,"column":4}},"28":{"start":{"line":71,"column":6},"end":{"line":71,"column":52}},"29":{"start":{"line":74,"column":3},"end":{"line":74,"column":136}},"30":{"start":{"line":75,"column":3},"end":{"line":75,"column":77}},"31":{"start":{"line":76,"column":3},"end":{"line":76,"column":69}},"32":{"start":{"line":77,"column":3},"end":{"line":78,"column":97}},"33":{"start":{"line":80,"column":3},"end":{"line":80,"column":54}},"34":{"start":{"line":82,"column":3},"end":{"line":82,"column":89}},"35":{"start":{"line":83,"column":3},"end":{"line":83,"column":90}},"36":{"start":{"line":85,"column":3},"end":{"line":89,"column":5}},"37":{"start":{"line":91,"column":3},"end":{"line":95,"column":4}},"38":{"start":{"line":92,"column":6},"end":{"line":92,"column":22}},"39":{"start":{"line":94,"column":6},"end":{"line":94,"column":31}},"40":{"start":{"line":107,"column":0},"end":{"line":114,"column":2}},"41":{"start":{"line":108,"column":3},"end":{"line":108,"column":61}},"42":{"start":{"line":110,"column":3},"end":{"line":113,"column":5}},"43":{"start":{"line":128,"column":0},"end":{"line":181,"column":2}},"44":{"start":{"line":129,"column":3},"end":{"line":129,"column":39}},"45":{"start":{"line":130,"column":3},"end":{"line":130,"column":20}},"46":{"start":{"line":132,"column":3},"end":{"line":132,"column":36}},"47":{"start":{"line":133,"column":3},"end":{"line":133,"column":36}},"48":{"start":{"line":135,"column":3},"end":{"line":137,"column":28}},"49":{"start":{"line":138,"column":3},"end":{"line":138,"column":45}},"50":{"start":{"line":139,"column":3},"end":{"line":139,"column":36}},"51":{"start":{"line":140,"column":3},"end":{"line":140,"column":44}},"52":{"start":{"line":141,"column":3},"end":{"line":141,"column":136}},"53":{"start":{"line":142,"column":3},"end":{"line":142,"column":77}},"54":{"start":{"line":143,"column":3},"end":{"line":143,"column":69}},"55":{"start":{"line":145,"column":3},"end":{"line":145,"column":50}},"56":{"start":{"line":147,"column":3},"end":{"line":148,"column":33}},"57":{"start":{"line":150,"column":3},"end":{"line":158,"column":72}},"58":{"start":{"line":151,"column":6},"end":{"line":151,"column":48}},"59":{"start":{"line":152,"column":6},"end":{"line":152,"column":33}},"60":{"start":{"line":153,"column":6},"end":{"line":153,"column":33}},"61":{"start":{"line":154,"column":6},"end":{"line":155,"column":100}},"62":{"start":{"line":156,"column":6},"end":{"line":156,"column":25}},"63":{"start":{"line":157,"column":6},"end":{"line":157,"column":53}},"64":{"start":{"line":160,"column":3},"end":{"line":162,"column":4}},"65":{"start":{"line":161,"column":6},"end":{"line":161,"column":52}},"66":{"start":{"line":164,"column":3},"end":{"line":164,"column":59}},"67":{"start":{"line":165,"column":3},"end":{"line":165,"column":133}},"68":{"start":{"line":166,"column":3},"end":{"line":166,"column":98}},"69":{"start":{"line":167,"column":3},"end":{"line":167,"column":82}},"70":{"start":{"line":168,"column":3},"end":{"line":169,"column":96}},"71":{"start":{"line":171,"column":3},"end":{"line":171,"column":99}},"72":{"start":{"line":172,"column":3},"end":{"line":172,"column":41}},"73":{"start":{"line":174,"column":3},"end":{"line":180,"column":5}},"74":{"start":{"line":189,"column":0},"end":{"line":191,"column":2}},"75":{"start":{"line":190,"column":3},"end":{"line":190,"column":36}},"76":{"start":{"line":199,"column":0},"end":{"line":201,"column":2}},"77":{"start":{"line":200,"column":3},"end":{"line":200,"column":36}},"78":{"start":{"line":213,"column":0},"end":{"line":286,"column":2}},"79":{"start":{"line":214,"column":3},"end":{"line":214,"column":31}},"80":{"start":{"line":215,"column":3},"end":{"line":215,"column":32}},"81":{"start":{"line":216,"column":3},"end":{"line":216,"column":19}},"82":{"start":{"line":217,"column":3},"end":{"line":217,"column":18}},"83":{"start":{"line":218,"column":3},"end":{"line":218,"column":23}},"84":{"start":{"line":219,"column":3},"end":{"line":219,"column":21}},"85":{"start":{"line":220,"column":3},"end":{"line":220,"column":35}},"86":{"start":{"line":221,"column":3},"end":{"line":221,"column":37}},"87":{"start":{"line":222,"column":3},"end":{"line":222,"column":21}},"88":{"start":{"line":223,"column":3},"end":{"line":223,"column":18}},"89":{"start":{"line":224,"column":3},"end":{"line":224,"column":24}},"90":{"start":{"line":226,"column":3},"end":{"line":226,"column":49}},"91":{"start":{"line":229,"column":3},"end":{"line":231,"column":4}},"92":{"start":{"line":230,"column":6},"end":{"line":230,"column":22}},"93":{"start":{"line":234,"column":3},"end":{"line":236,"column":4}},"94":{"start":{"line":235,"column":6},"end":{"line":235,"column":22}},"95":{"start":{"line":239,"column":3},"end":{"line":249,"column":4}},"96":{"start":{"line":240,"column":6},"end":{"line":248,"column":7}},"97":{"start":{"line":241,"column":9},"end":{"line":241,"column":25}},"98":{"start":{"line":242,"column":13},"end":{"line":248,"column":7}},"99":{"start":{"line":243,"column":9},"end":{"line":243,"column":25}},"100":{"start":{"line":244,"column":13},"end":{"line":248,"column":7}},"101":{"start":{"line":245,"column":9},"end":{"line":245,"column":25}},"102":{"start":{"line":246,"column":13},"end":{"line":248,"column":7}},"103":{"start":{"line":247,"column":9},"end":{"line":247,"column":25}},"104":{"start":{"line":251,"column":3},"end":{"line":251,"column":47}},"105":{"start":{"line":254,"column":3},"end":{"line":254,"column":45}},"106":{"start":{"line":256,"column":3},"end":{"line":256,"column":55}},"107":{"start":{"line":258,"column":3},"end":{"line":258,"column":90}},"108":{"start":{"line":259,"column":3},"end":{"line":259,"column":43}},"109":{"start":{"line":260,"column":3},"end":{"line":260,"column":61}},"110":{"start":{"line":261,"column":3},"end":{"line":261,"column":52}},"111":{"start":{"line":263,"column":3},"end":{"line":263,"column":482}},"112":{"start":{"line":265,"column":3},"end":{"line":265,"column":161}},"113":{"start":{"line":267,"column":3},"end":{"line":267,"column":212}},"114":{"start":{"line":269,"column":3},"end":{"line":273,"column":4}},"115":{"start":{"line":270,"column":6},"end":{"line":270,"column":32}},"116":{"start":{"line":272,"column":6},"end":{"line":272,"column":23}},"117":{"start":{"line":275,"column":3},"end":{"line":285,"column":5}},"118":{"start":{"line":302,"column":0},"end":{"line":378,"column":2}},"119":{"start":{"line":303,"column":3},"end":{"line":303,"column":49}},"120":{"start":{"line":304,"column":3},"end":{"line":304,"column":48}},"121":{"start":{"line":305,"column":3},"end":{"line":305,"column":46}},"122":{"start":{"line":306,"column":3},"end":{"line":306,"column":46}},"123":{"start":{"line":308,"column":3},"end":{"line":310,"column":4}},"124":{"start":{"line":309,"column":6},"end":{"line":309,"column":18}},"125":{"start":{"line":312,"column":3},"end":{"line":312,"column":19}},"126":{"start":{"line":313,"column":3},"end":{"line":313,"column":23}},"127":{"start":{"line":314,"column":3},"end":{"line":314,"column":80}},"128":{"start":{"line":315,"column":3},"end":{"line":315,"column":28}},"129":{"start":{"line":316,"column":3},"end":{"line":316,"column":18}},"130":{"start":{"line":317,"column":3},"end":{"line":317,"column":19}},"131":{"start":{"line":320,"column":3},"end":{"line":320,"column":33}},"132":{"start":{"line":321,"column":3},"end":{"line":321,"column":23}},"133":{"start":{"line":327,"column":3},"end":{"line":330,"column":4}},"134":{"start":{"line":328,"column":6},"end":{"line":328,"column":22}},"135":{"start":{"line":333,"column":3},"end":{"line":333,"column":47}},"136":{"start":{"line":336,"column":3},"end":{"line":336,"column":55}},"137":{"start":{"line":338,"column":3},"end":{"line":338,"column":14}},"138":{"start":{"line":339,"column":3},"end":{"line":339,"column":143}},"139":{"start":{"line":341,"column":3},"end":{"line":341,"column":193}},"140":{"start":{"line":343,"column":3},"end":{"line":343,"column":93}},"141":{"start":{"line":344,"column":3},"end":{"line":344,"column":46}},"142":{"start":{"line":345,"column":3},"end":{"line":345,"column":64}},"143":{"start":{"line":346,"column":3},"end":{"line":346,"column":117}},"144":{"start":{"line":347,"column":3},"end":{"line":347,"column":21}},"145":{"start":{"line":349,"column":3},"end":{"line":349,"column":260}},"146":{"start":{"line":350,"column":3},"end":{"line":350,"column":28}},"147":{"start":{"line":352,"column":3},"end":{"line":352,"column":175}},"148":{"start":{"line":353,"column":3},"end":{"line":353,"column":41}},"149":{"start":{"line":355,"column":3},"end":{"line":358,"column":5}},"150":{"start":{"line":359,"column":3},"end":{"line":375,"column":4}},"151":{"start":{"line":360,"column":6},"end":{"line":365,"column":9}},"152":{"start":{"line":366,"column":6},"end":{"line":371,"column":8}},"153":{"start":{"line":373,"column":6},"end":{"line":373,"column":54}},"154":{"start":{"line":374,"column":6},"end":{"line":374,"column":54}},"155":{"start":{"line":377,"column":3},"end":{"line":377,"column":17}}},"branchMap":{"1":{"line":50,"type":"if","locations":[{"start":{"line":50,"column":6},"end":{"line":50,"column":6}},{"start":{"line":50,"column":6},"end":{"line":50,"column":6}}]},"2":{"line":60,"type":"if","locations":[{"start":{"line":60,"column":6},"end":{"line":60,"column":6}},{"start":{"line":60,"column":6},"end":{"line":60,"column":6}}]},"3":{"line":68,"type":"binary-expr","locations":[{"start":{"line":68,"column":12},"end":{"line":68,"column":50}},{"start":{"line":68,"column":54},"end":{"line":68,"column":74}}]},"4":{"line":70,"type":"if","locations":[{"start":{"line":70,"column":3},"end":{"line":70,"column":3}},{"start":{"line":70,"column":3},"end":{"line":70,"column":3}}]},"5":{"line":91,"type":"if","locations":[{"start":{"line":91,"column":3},"end":{"line":91,"column":3}},{"start":{"line":91,"column":3},"end":{"line":91,"column":3}}]},"6":{"line":158,"type":"binary-expr","locations":[{"start":{"line":158,"column":12},"end":{"line":158,"column":48}},{"start":{"line":158,"column":52},"end":{"line":158,"column":70}}]},"7":{"line":160,"type":"if","locations":[{"start":{"line":160,"column":3},"end":{"line":160,"column":3}},{"start":{"line":160,"column":3},"end":{"line":160,"column":3}}]},"8":{"line":229,"type":"if","locations":[{"start":{"line":229,"column":3},"end":{"line":229,"column":3}},{"start":{"line":229,"column":3},"end":{"line":229,"column":3}}]},"9":{"line":234,"type":"if","locations":[{"start":{"line":234,"column":3},"end":{"line":234,"column":3}},{"start":{"line":234,"column":3},"end":{"line":234,"column":3}}]},"10":{"line":234,"type":"binary-expr","locations":[{"start":{"line":234,"column":7},"end":{"line":234,"column":18}},{"start":{"line":234,"column":22},"end":{"line":234,"column":32}},{"start":{"line":234,"column":36},"end":{"line":234,"column":47}},{"start":{"line":234,"column":51},"end":{"line":234,"column":62}}]},"11":{"line":239,"type":"if","locations":[{"start":{"line":239,"column":3},"end":{"line":239,"column":3}},{"start":{"line":239,"column":3},"end":{"line":239,"column":3}}]},"12":{"line":239,"type":"binary-expr","locations":[{"start":{"line":239,"column":7},"end":{"line":239,"column":18}},{"start":{"line":239,"column":22},"end":{"line":239,"column":32}}]},"13":{"line":240,"type":"if","locations":[{"start":{"line":240,"column":6},"end":{"line":240,"column":6}},{"start":{"line":240,"column":6},"end":{"line":240,"column":6}}]},"14":{"line":240,"type":"binary-expr","locations":[{"start":{"line":240,"column":10},"end":{"line":240,"column":21}},{"start":{"line":240,"column":25},"end":{"line":240,"column":35}}]},"15":{"line":242,"type":"if","locations":[{"start":{"line":242,"column":13},"end":{"line":242,"column":13}},{"start":{"line":242,"column":13},"end":{"line":242,"column":13}}]},"16":{"line":242,"type":"binary-expr","locations":[{"start":{"line":242,"column":17},"end":{"line":242,"column":28}},{"start":{"line":242,"column":32},"end":{"line":242,"column":43}}]},"17":{"line":244,"type":"if","locations":[{"start":{"line":244,"column":13},"end":{"line":244,"column":13}},{"start":{"line":244,"column":13},"end":{"line":244,"column":13}}]},"18":{"line":244,"type":"binary-expr","locations":[{"start":{"line":244,"column":17},"end":{"line":244,"column":29}},{"start":{"line":244,"column":33},"end":{"line":244,"column":44}}]},"19":{"line":246,"type":"if","locations":[{"start":{"line":246,"column":13},"end":{"line":246,"column":13}},{"start":{"line":246,"column":13},"end":{"line":246,"column":13}}]},"20":{"line":246,"type":"binary-expr","locations":[{"start":{"line":246,"column":17},"end":{"line":246,"column":29}},{"start":{"line":246,"column":33},"end":{"line":246,"column":44}}]},"21":{"line":269,"type":"if","locations":[{"start":{"line":269,"column":3},"end":{"line":269,"column":3}},{"start":{"line":269,"column":3},"end":{"line":269,"column":3}}]},"22":{"line":308,"type":"if","locations":[{"start":{"line":308,"column":3},"end":{"line":308,"column":3}},{"start":{"line":308,"column":3},"end":{"line":308,"column":3}}]},"23":{"line":308,"type":"binary-expr","locations":[{"start":{"line":308,"column":7},"end":{"line":308,"column":21}},{"start":{"line":308,"column":25},"end":{"line":308,"column":40}}]},"24":{"line":327,"type":"if","locations":[{"start":{"line":327,"column":3},"end":{"line":327,"column":3}},{"start":{"line":327,"column":3},"end":{"line":327,"column":3}}]},"25":{"line":359,"type":"if","locations":[{"start":{"line":359,"column":3},"end":{"line":359,"column":3}},{"start":{"line":359,"column":3},"end":{"line":359,"column":3}}]}}}}