{"/home/csbrandt/projects/WGS84Util/index.js":{"path":"/home/csbrandt/projects/WGS84Util/index.js","s":{"1":1,"2":1,"3":1,"4":1,"5":1,"6":1,"7":1,"8":1,"9":1,"10":1,"11":1,"12":1,"13":1,"14":2,"15":2,"16":2,"17":2,"18":2,"19":2,"20":2,"21":2,"22":1,"23":17,"24":1,"25":9,"26":1,"27":2,"28":2,"29":2,"30":2,"31":2,"32":2,"33":2,"34":2,"35":2,"36":2,"37":2,"38":2,"39":2,"40":0,"41":2,"42":0,"43":2,"44":0,"45":0,"46":0,"47":0,"48":0,"49":0,"50":0,"51":0,"52":2,"53":2,"54":2,"55":2,"56":2,"57":2,"58":2,"59":2,"60":2,"61":2,"62":2,"63":1,"64":1,"65":2,"66":1,"67":2,"68":2,"69":2,"70":2,"71":2,"72":0,"73":2,"74":2,"75":2,"76":2,"77":2,"78":2,"79":2,"80":2,"81":2,"82":1,"83":2,"84":2,"85":2,"86":2,"87":2,"88":2,"89":2,"90":2,"91":2,"92":2,"93":2,"94":2,"95":2,"96":2,"97":2,"98":2,"99":0,"100":0,"101":2,"102":2,"103":2},"b":{"1":[2,0],"2":[0,0],"3":[0,0],"4":[0,2],"5":[0,2],"6":[2,0,0,0],"7":[0,2],"8":[2,0],"9":[0,0],"10":[0,0],"11":[0,0],"12":[0,0],"13":[0,0],"14":[0,0],"15":[0,0],"16":[0,0],"17":[1,1],"18":[0,2],"19":[2,2],"20":[1,1],"21":[0,2]},"f":{"1":1,"2":2,"3":17,"4":9,"5":2,"6":2},"fnMap":{"1":{"name":"(anonymous_1)","line":25,"loc":{"start":{"line":25,"column":28},"end":{"line":25,"column":53}}},"2":{"name":"(anonymous_2)","line":51,"loc":{"start":{"line":51,"column":29},"end":{"line":51,"column":58}}},"3":{"name":"(anonymous_3)","line":75,"loc":{"start":{"line":75,"column":21},"end":{"line":75,"column":35}}},"4":{"name":"(anonymous_4)","line":85,"loc":{"start":{"line":85,"column":21},"end":{"line":85,"column":35}}},"5":{"name":"(anonymous_5)","line":99,"loc":{"start":{"line":99,"column":20},"end":{"line":99,"column":33}}},"6":{"name":"(anonymous_6)","line":178,"loc":{"start":{"line":178,"column":20},"end":{"line":178,"column":34}}}},"statementMap":{"1":{"start":{"line":8,"column":0},"end":{"line":8,"column":24}},"2":{"start":{"line":11,"column":0},"end":{"line":11,"column":32}},"3":{"start":{"line":13,"column":0},"end":{"line":13,"column":39}},"4":{"start":{"line":25,"column":0},"end":{"line":37,"column":2}},"5":{"start":{"line":26,"column":2},"end":{"line":26,"column":95}},"6":{"start":{"line":27,"column":2},"end":{"line":27,"column":95}},"7":{"start":{"line":28,"column":2},"end":{"line":28,"column":25}},"8":{"start":{"line":29,"column":2},"end":{"line":29,"column":25}},"9":{"start":{"line":31,"column":2},"end":{"line":33,"column":46}},"10":{"start":{"line":34,"column":2},"end":{"line":34,"column":55}},"11":{"start":{"line":35,"column":2},"end":{"line":35,"column":30}},"12":{"start":{"line":36,"column":2},"end":{"line":36,"column":11}},"13":{"start":{"line":51,"column":0},"end":{"line":67,"column":2}},"14":{"start":{"line":52,"column":2},"end":{"line":52,"column":103}},"15":{"start":{"line":53,"column":2},"end":{"line":53,"column":32}},"16":{"start":{"line":54,"column":2},"end":{"line":54,"column":29}},"17":{"start":{"line":55,"column":2},"end":{"line":55,"column":95}},"18":{"start":{"line":57,"column":2},"end":{"line":58,"column":75}},"19":{"start":{"line":59,"column":2},"end":{"line":60,"column":81}},"20":{"start":{"line":61,"column":2},"end":{"line":61,"column":56}},"21":{"start":{"line":63,"column":2},"end":{"line":66,"column":4}},"22":{"start":{"line":75,"column":0},"end":{"line":77,"column":2}},"23":{"start":{"line":76,"column":4},"end":{"line":76,"column":37}},"24":{"start":{"line":85,"column":0},"end":{"line":87,"column":2}},"25":{"start":{"line":86,"column":4},"end":{"line":86,"column":37}},"26":{"start":{"line":99,"column":0},"end":{"line":162,"column":2}},"27":{"start":{"line":100,"column":4},"end":{"line":100,"column":32}},"28":{"start":{"line":101,"column":4},"end":{"line":101,"column":33}},"29":{"start":{"line":102,"column":4},"end":{"line":102,"column":20}},"30":{"start":{"line":103,"column":4},"end":{"line":103,"column":19}},"31":{"start":{"line":104,"column":4},"end":{"line":104,"column":24}},"32":{"start":{"line":105,"column":4},"end":{"line":105,"column":22}},"33":{"start":{"line":106,"column":4},"end":{"line":106,"column":36}},"34":{"start":{"line":107,"column":4},"end":{"line":107,"column":38}},"35":{"start":{"line":108,"column":4},"end":{"line":108,"column":22}},"36":{"start":{"line":109,"column":4},"end":{"line":109,"column":19}},"37":{"start":{"line":110,"column":4},"end":{"line":110,"column":25}},"38":{"start":{"line":112,"column":4},"end":{"line":112,"column":50}},"39":{"start":{"line":115,"column":4},"end":{"line":117,"column":5}},"40":{"start":{"line":116,"column":8},"end":{"line":116,"column":24}},"41":{"start":{"line":120,"column":4},"end":{"line":122,"column":5}},"42":{"start":{"line":121,"column":8},"end":{"line":121,"column":24}},"43":{"start":{"line":125,"column":4},"end":{"line":135,"column":5}},"44":{"start":{"line":126,"column":8},"end":{"line":134,"column":9}},"45":{"start":{"line":127,"column":12},"end":{"line":127,"column":28}},"46":{"start":{"line":128,"column":15},"end":{"line":134,"column":9}},"47":{"start":{"line":129,"column":12},"end":{"line":129,"column":28}},"48":{"start":{"line":130,"column":15},"end":{"line":134,"column":9}},"49":{"start":{"line":131,"column":12},"end":{"line":131,"column":28}},"50":{"start":{"line":132,"column":15},"end":{"line":134,"column":9}},"51":{"start":{"line":133,"column":12},"end":{"line":133,"column":28}},"52":{"start":{"line":137,"column":4},"end":{"line":137,"column":48}},"53":{"start":{"line":140,"column":4},"end":{"line":140,"column":46}},"54":{"start":{"line":142,"column":4},"end":{"line":142,"column":56}},"55":{"start":{"line":144,"column":4},"end":{"line":144,"column":91}},"56":{"start":{"line":145,"column":4},"end":{"line":145,"column":44}},"57":{"start":{"line":146,"column":4},"end":{"line":146,"column":62}},"58":{"start":{"line":147,"column":4},"end":{"line":147,"column":53}},"59":{"start":{"line":149,"column":4},"end":{"line":149,"column":483}},"60":{"start":{"line":151,"column":4},"end":{"line":151,"column":162}},"61":{"start":{"line":153,"column":4},"end":{"line":153,"column":213}},"62":{"start":{"line":155,"column":4},"end":{"line":159,"column":5}},"63":{"start":{"line":156,"column":8},"end":{"line":156,"column":34}},"64":{"start":{"line":158,"column":8},"end":{"line":158,"column":25}},"65":{"start":{"line":161,"column":4},"end":{"line":161,"column":218}},"66":{"start":{"line":178,"column":0},"end":{"line":251,"column":2}},"67":{"start":{"line":179,"column":4},"end":{"line":179,"column":50}},"68":{"start":{"line":180,"column":4},"end":{"line":180,"column":49}},"69":{"start":{"line":181,"column":4},"end":{"line":181,"column":47}},"70":{"start":{"line":182,"column":4},"end":{"line":182,"column":47}},"71":{"start":{"line":184,"column":4},"end":{"line":186,"column":5}},"72":{"start":{"line":185,"column":8},"end":{"line":185,"column":20}},"73":{"start":{"line":188,"column":4},"end":{"line":188,"column":20}},"74":{"start":{"line":189,"column":4},"end":{"line":189,"column":24}},"75":{"start":{"line":190,"column":4},"end":{"line":190,"column":81}},"76":{"start":{"line":191,"column":4},"end":{"line":191,"column":29}},"77":{"start":{"line":192,"column":4},"end":{"line":192,"column":19}},"78":{"start":{"line":193,"column":4},"end":{"line":193,"column":20}},"79":{"start":{"line":196,"column":4},"end":{"line":196,"column":34}},"80":{"start":{"line":197,"column":4},"end":{"line":197,"column":24}},"81":{"start":{"line":203,"column":4},"end":{"line":206,"column":5}},"82":{"start":{"line":204,"column":8},"end":{"line":204,"column":24}},"83":{"start":{"line":209,"column":4},"end":{"line":209,"column":48}},"84":{"start":{"line":212,"column":4},"end":{"line":212,"column":56}},"85":{"start":{"line":214,"column":4},"end":{"line":214,"column":15}},"86":{"start":{"line":215,"column":4},"end":{"line":215,"column":144}},"87":{"start":{"line":217,"column":4},"end":{"line":217,"column":194}},"88":{"start":{"line":219,"column":4},"end":{"line":219,"column":94}},"89":{"start":{"line":220,"column":4},"end":{"line":220,"column":47}},"90":{"start":{"line":221,"column":4},"end":{"line":221,"column":65}},"91":{"start":{"line":222,"column":4},"end":{"line":222,"column":118}},"92":{"start":{"line":223,"column":4},"end":{"line":223,"column":22}},"93":{"start":{"line":225,"column":4},"end":{"line":225,"column":261}},"94":{"start":{"line":226,"column":4},"end":{"line":226,"column":29}},"95":{"start":{"line":228,"column":4},"end":{"line":228,"column":176}},"96":{"start":{"line":229,"column":4},"end":{"line":229,"column":42}},"97":{"start":{"line":231,"column":4},"end":{"line":231,"column":56}},"98":{"start":{"line":232,"column":4},"end":{"line":248,"column":5}},"99":{"start":{"line":233,"column":8},"end":{"line":238,"column":11}},"100":{"start":{"line":239,"column":8},"end":{"line":244,"column":10}},"101":{"start":{"line":246,"column":8},"end":{"line":246,"column":59}},"102":{"start":{"line":247,"column":8},"end":{"line":247,"column":59}},"103":{"start":{"line":250,"column":4},"end":{"line":250,"column":18}}},"branchMap":{"1":{"line":52,"type":"cond-expr","locations":[{"start":{"line":52,"column":36},"end":{"line":52,"column":40}},{"start":{"line":52,"column":43},"end":{"line":52,"column":102}}]},"2":{"line":52,"type":"cond-expr","locations":[{"start":{"line":52,"column":91},"end":{"line":52,"column":96}},{"start":{"line":52,"column":99},"end":{"line":52,"column":102}}]},"3":{"line":52,"type":"binary-expr","locations":[{"start":{"line":52,"column":43},"end":{"line":52,"column":67}},{"start":{"line":52,"column":71},"end":{"line":52,"column":88}}]},"4":{"line":115,"type":"if","locations":[{"start":{"line":115,"column":4},"end":{"line":115,"column":4}},{"start":{"line":115,"column":4},"end":{"line":115,"column":4}}]},"5":{"line":120,"type":"if","locations":[{"start":{"line":120,"column":4},"end":{"line":120,"column":4}},{"start":{"line":120,"column":4},"end":{"line":120,"column":4}}]},"6":{"line":120,"type":"binary-expr","locations":[{"start":{"line":120,"column":8},"end":{"line":120,"column":19}},{"start":{"line":120,"column":23},"end":{"line":120,"column":33}},{"start":{"line":120,"column":37},"end":{"line":120,"column":48}},{"start":{"line":120,"column":52},"end":{"line":120,"column":63}}]},"7":{"line":125,"type":"if","locations":[{"start":{"line":125,"column":4},"end":{"line":125,"column":4}},{"start":{"line":125,"column":4},"end":{"line":125,"column":4}}]},"8":{"line":125,"type":"binary-expr","locations":[{"start":{"line":125,"column":8},"end":{"line":125,"column":19}},{"start":{"line":125,"column":23},"end":{"line":125,"column":33}}]},"9":{"line":126,"type":"if","locations":[{"start":{"line":126,"column":8},"end":{"line":126,"column":8}},{"start":{"line":126,"column":8},"end":{"line":126,"column":8}}]},"10":{"line":126,"type":"binary-expr","locations":[{"start":{"line":126,"column":12},"end":{"line":126,"column":23}},{"start":{"line":126,"column":27},"end":{"line":126,"column":37}}]},"11":{"line":128,"type":"if","locations":[{"start":{"line":128,"column":15},"end":{"line":128,"column":15}},{"start":{"line":128,"column":15},"end":{"line":128,"column":15}}]},"12":{"line":128,"type":"binary-expr","locations":[{"start":{"line":128,"column":19},"end":{"line":128,"column":30}},{"start":{"line":128,"column":34},"end":{"line":128,"column":45}}]},"13":{"line":130,"type":"if","locations":[{"start":{"line":130,"column":15},"end":{"line":130,"column":15}},{"start":{"line":130,"column":15},"end":{"line":130,"column":15}}]},"14":{"line":130,"type":"binary-expr","locations":[{"start":{"line":130,"column":19},"end":{"line":130,"column":31}},{"start":{"line":130,"column":35},"end":{"line":130,"column":46}}]},"15":{"line":132,"type":"if","locations":[{"start":{"line":132,"column":15},"end":{"line":132,"column":15}},{"start":{"line":132,"column":15},"end":{"line":132,"column":15}}]},"16":{"line":132,"type":"binary-expr","locations":[{"start":{"line":132,"column":19},"end":{"line":132,"column":31}},{"start":{"line":132,"column":35},"end":{"line":132,"column":46}}]},"17":{"line":155,"type":"if","locations":[{"start":{"line":155,"column":4},"end":{"line":155,"column":4}},{"start":{"line":155,"column":4},"end":{"line":155,"column":4}}]},"18":{"line":184,"type":"if","locations":[{"start":{"line":184,"column":4},"end":{"line":184,"column":4}},{"start":{"line":184,"column":4},"end":{"line":184,"column":4}}]},"19":{"line":184,"type":"binary-expr","locations":[{"start":{"line":184,"column":8},"end":{"line":184,"column":22}},{"start":{"line":184,"column":26},"end":{"line":184,"column":41}}]},"20":{"line":203,"type":"if","locations":[{"start":{"line":203,"column":4},"end":{"line":203,"column":4}},{"start":{"line":203,"column":4},"end":{"line":203,"column":4}}]},"21":{"line":232,"type":"if","locations":[{"start":{"line":232,"column":4},"end":{"line":232,"column":4}},{"start":{"line":232,"column":4},"end":{"line":232,"column":4}}]}}}}