TN:
SF:/home/csbrandt/projects/WGS84Util/index.js
FN:25,(anonymous_1)
FN:51,(anonymous_2)
FN:75,(anonymous_3)
FN:85,(anonymous_4)
FN:99,(anonymous_5)
FN:178,(anonymous_6)
FNF:6
FNH:6
FNDA:1,(anonymous_1)
FNDA:2,(anonymous_2)
FNDA:17,(anonymous_3)
FNDA:9,(anonymous_4)
FNDA:2,(anonymous_5)
FNDA:2,(anonymous_6)
DA:8,1
DA:11,1
DA:13,1
DA:25,1
DA:26,1
DA:27,1
DA:28,1
DA:29,1
DA:31,1
DA:34,1
DA:35,1
DA:36,1
DA:51,1
DA:52,2
DA:53,2
DA:54,2
DA:55,2
DA:57,2
DA:59,2
DA:61,2
DA:63,2
DA:75,1
DA:76,17
DA:85,1
DA:86,9
DA:99,1
DA:100,2
DA:101,2
DA:102,2
DA:103,2
DA:104,2
DA:105,2
DA:106,2
DA:107,2
DA:108,2
DA:109,2
DA:110,2
DA:112,2
DA:115,2
DA:116,0
DA:120,2
DA:121,0
DA:125,2
DA:126,0
DA:127,0
DA:128,0
DA:129,0
DA:130,0
DA:131,0
DA:132,0
DA:133,0
DA:137,2
DA:140,2
DA:142,2
DA:144,2
DA:145,2
DA:146,2
DA:147,2
DA:149,2
DA:151,2
DA:153,2
DA:155,2
DA:156,1
DA:158,1
DA:161,2
DA:178,1
DA:179,2
DA:180,2
DA:181,2
DA:182,2
DA:184,2
DA:185,0
DA:188,2
DA:189,2
DA:190,2
DA:191,2
DA:192,2
DA:193,2
DA:196,2
DA:197,2
DA:203,2
DA:204,1
DA:209,2
DA:212,2
DA:214,2
DA:215,2
DA:217,2
DA:219,2
DA:220,2
DA:221,2
DA:222,2
DA:223,2
DA:225,2
DA:226,2
DA:228,2
DA:229,2
DA:231,2
DA:232,2
DA:233,0
DA:239,0
DA:246,2
DA:247,2
DA:250,2
LF:103
LH:90
BRDA:52,1,0,2
BRDA:52,1,1,0
BRDA:52,2,0,0
BRDA:52,2,1,0
BRDA:52,3,0,0
BRDA:52,3,1,0
BRDA:115,4,0,0
BRDA:115,4,1,2
BRDA:120,5,0,0
BRDA:120,5,1,2
BRDA:120,6,0,2
BRDA:120,6,1,0
BRDA:120,6,2,0
BRDA:120,6,3,0
BRDA:125,7,0,0
BRDA:125,7,1,2
BRDA:125,8,0,2
BRDA:125,8,1,0
BRDA:126,9,0,0
BRDA:126,9,1,0
BRDA:126,10,0,0
BRDA:126,10,1,0
BRDA:128,11,0,0
BRDA:128,11,1,0
BRDA:128,12,0,0
BRDA:128,12,1,0
BRDA:130,13,0,0
BRDA:130,13,1,0
BRDA:130,14,0,0
BRDA:130,14,1,0
BRDA:132,15,0,0
BRDA:132,15,1,0
BRDA:132,16,0,0
BRDA:132,16,1,0
BRDA:155,17,0,1
BRDA:155,17,1,1
BRDA:184,18,0,0
BRDA:184,18,1,2
BRDA:184,19,0,2
BRDA:184,19,1,2
BRDA:203,20,0,1
BRDA:203,20,1,1
BRDA:232,21,0,0
BRDA:232,21,1,2
BRF:44
BRH:14
end_of_record
