TN:
SF:/home/csbrandt/projects/WGS84Util/index.js
FN:31,(anonymous_1)
FN:107,(anonymous_2)
FN:128,(anonymous_3)
FN:189,(anonymous_4)
FN:199,(anonymous_5)
FN:213,(anonymous_6)
FN:302,(anonymous_7)
FNF:7
FNH:7
FNDA:5,(anonymous_1)
FNDA:2,(anonymous_2)
FNDA:2,(anonymous_3)
FNDA:39,(anonymous_4)
FNDA:21,(anonymous_5)
FNDA:4,(anonymous_6)
FNDA:2,(anonymous_7)
DA:8,1
DA:11,1
DA:13,1
DA:15,1
DA:17,1
DA:31,1
DA:32,5
DA:34,5
DA:37,5
DA:41,5
DA:44,5
DA:45,25
DA:47,25
DA:48,25
DA:50,25
DA:51,0
DA:54,25
DA:55,25
DA:56,25
DA:57,25
DA:58,25
DA:60,25
DA:61,0
DA:64,25
DA:65,25
DA:66,25
DA:70,5
DA:71,0
DA:74,5
DA:75,5
DA:76,5
DA:77,5
DA:80,5
DA:82,5
DA:83,5
DA:85,5
DA:91,5
DA:92,3
DA:94,2
DA:107,1
DA:108,2
DA:110,2
DA:128,1
DA:129,2
DA:130,2
DA:132,2
DA:133,2
DA:135,2
DA:138,2
DA:139,2
DA:140,2
DA:141,2
DA:142,2
DA:143,2
DA:145,2
DA:147,2
DA:150,2
DA:151,9
DA:152,9
DA:153,9
DA:154,9
DA:156,9
DA:157,9
DA:160,2
DA:161,0
DA:164,2
DA:165,2
DA:166,2
DA:167,2
DA:168,2
DA:171,2
DA:172,2
DA:174,2
DA:189,1
DA:190,39
DA:199,1
DA:200,21
DA:213,1
DA:214,4
DA:215,4
DA:216,4
DA:217,4
DA:218,4
DA:219,4
DA:220,4
DA:221,4
DA:222,4
DA:223,4
DA:224,4
DA:226,4
DA:229,4
DA:230,0
DA:234,4
DA:235,0
DA:239,4
DA:240,0
DA:241,0
DA:242,0
DA:243,0
DA:244,0
DA:245,0
DA:246,0
DA:247,0
DA:251,4
DA:254,4
DA:256,4
DA:258,4
DA:259,4
DA:260,4
DA:261,4
DA:263,4
DA:265,4
DA:267,4
DA:269,4
DA:270,2
DA:272,2
DA:275,4
DA:302,1
DA:303,2
DA:304,2
DA:305,2
DA:306,2
DA:308,2
DA:309,0
DA:312,2
DA:313,2
DA:314,2
DA:315,2
DA:316,2
DA:317,2
DA:320,2
DA:321,2
DA:327,2
DA:328,1
DA:333,2
DA:336,2
DA:338,2
DA:339,2
DA:341,2
DA:343,2
DA:344,2
DA:345,2
DA:346,2
DA:347,2
DA:349,2
DA:350,2
DA:352,2
DA:353,2
DA:355,2
DA:359,2
DA:360,0
DA:366,0
DA:373,2
DA:374,2
DA:377,2
LF:155
LH:138
BRDA:50,1,0,0
BRDA:50,1,1,25
BRDA:60,2,0,0
BRDA:60,2,1,25
BRDA:68,3,0,25
BRDA:68,3,1,20
BRDA:70,4,0,0
BRDA:70,4,1,5
BRDA:91,5,0,3
BRDA:91,5,1,2
BRDA:158,6,0,9
BRDA:158,6,1,7
BRDA:160,7,0,0
BRDA:160,7,1,2
BRDA:229,8,0,0
BRDA:229,8,1,4
BRDA:234,9,0,0
BRDA:234,9,1,4
BRDA:234,10,0,4
BRDA:234,10,1,0
BRDA:234,10,2,0
BRDA:234,10,3,0
BRDA:239,11,0,0
BRDA:239,11,1,4
BRDA:239,12,0,4
BRDA:239,12,1,0
BRDA:240,13,0,0
BRDA:240,13,1,0
BRDA:240,14,0,0
BRDA:240,14,1,0
BRDA:242,15,0,0
BRDA:242,15,1,0
BRDA:242,16,0,0
BRDA:242,16,1,0
BRDA:244,17,0,0
BRDA:244,17,1,0
BRDA:244,18,0,0
BRDA:244,18,1,0
BRDA:246,19,0,0
BRDA:246,19,1,0
BRDA:246,20,0,0
BRDA:246,20,1,0
BRDA:269,21,0,2
BRDA:269,21,1,2
BRDA:308,22,0,0
BRDA:308,22,1,2
BRDA:308,23,0,2
BRDA:308,23,1,2
BRDA:327,24,0,1
BRDA:327,24,1,1
BRDA:359,25,0,0
BRDA:359,25,1,2
BRF:52
BRH:23
end_of_record
